\BOOKMARK [1][-]{section.1}{Introduction}{}% 1
\BOOKMARK [1][-]{section.2}{ About TARDIS}{}% 2
\BOOKMARK [2][-]{subsection.2.1}{ Configuration File}{section.2}% 3
\BOOKMARK [3][-]{subsubsection.2.1.1}{ Model}{subsection.2.1}% 4
\BOOKMARK [3][-]{subsubsection.2.1.2}{ Plasma}{subsection.2.1}% 5
\BOOKMARK [3][-]{subsubsection.2.1.3}{Montecarlo}{subsection.2.1}% 6
\BOOKMARK [2][-]{subsection.2.2}{Future versions of TARDIS}{section.2}% 7
\BOOKMARK [2][-]{subsection.2.3}{ About this report}{section.2}% 8
\BOOKMARK [3][-]{subsubsection.2.3.1}{ Cases I - IV}{subsection.2.3}% 9
\BOOKMARK [3][-]{subsubsection.2.3.2}{ About my computer}{subsection.2.3}% 10
\BOOKMARK [1][-]{section.3}{Plasma: analyzing spectra}{}% 11
\BOOKMARK [1][-]{section.4}{ Monte Carlo: analyzing spectra}{}% 12
\BOOKMARK [2][-]{subsection.4.1}{Packets}{section.4}% 13
\BOOKMARK [2][-]{subsection.4.2}{Last packets}{section.4}% 14
\BOOKMARK [1][-]{section.5}{ Monte Carlo: signal to noise}{}% 15
\BOOKMARK [2][-]{subsection.5.1}{Packets}{section.5}% 16
\BOOKMARK [2][-]{subsection.5.2}{Last packets}{section.5}% 17
\BOOKMARK [1][-]{section.6}{Conclusion}{}% 18
\BOOKMARK [1][-]{section*.32}{Appendices}{}% 19
\BOOKMARK [1][-]{Appendix.a.A}{ Original YAML file}{}% 20
